Arguments: 
  /usr/local/Cellar/node/17.3.0/bin/node /usr/local/bin/yarn

PATH: 
  /usr/local/opt/ruby/bin:/Library/Java/JavaVirtualMachines/adoptopenjdk-15.jdk/Contents/Home/bin:/Users/olivierdijkstra/Library/Android/sdk/platform-tools:/Users/olivierdijkstra/.poetry/bin:/usr/local/sbin:/usr/local/bin:/usr/bin:/bin:/usr/sbin:/sbin:/Library/Apple/usr/bin:/Users/olivierdijkstra/.fig/bin

Yarn version: 
  1.22.17

Node version: 
  17.3.0

Platform: 
  darwin x64

Trace: 
  SyntaxError: /Users/olivierdijkstra/Code/usetabs/package.json: Unexpected token } in JSON at position 582
      at JSON.parse (<anonymous>)
      at /usr/local/lib/node_modules/yarn/lib/cli.js:1625:59
      at Generator.next (<anonymous>)
      at step (/usr/local/lib/node_modules/yarn/lib/cli.js:310:30)
      at /usr/local/lib/node_modules/yarn/lib/cli.js:321:13

npm manifest: 
  {
    "name": "usetabs",
    "version": "0.0.1",
    "description": "Reusable implementation of Emil Kowalskis smooth tab hover effect",
    "main": "build/index.js",
    "scripts": {
      "test": "echo \"Error: no test specified\" && exit 1",
      "build": "swc src/index.js -o build/index.js",
      "watch": "swc -w src/index.js -o build/index.js"
    },
    "author": "Olivier Alexander",
    "license": "ISC",
    "peerDependencies": {
      "react": "^16.8.6",
      "react-dom": "^16.8.6"
    },
    "devDependencies": {
      "@swc/cli": "^0.1.55",
      "@swc/core": "^1.2.127",
      "chokidar": "^3.5.2",
    }
  }

yarn manifest: 
  No manifest

Lockfile: 
  # THIS IS AN AUTOGENERATED FILE. DO NOT EDIT THIS FILE DIRECTLY.
  # yarn lockfile v1
  
  
  "@napi-rs/triples@^1.1.0":
    version "1.1.0"
    resolved "https://registry.npmjs.org/@napi-rs/triples/-/triples-1.1.0.tgz"
    integrity sha512-XQr74QaLeMiqhStEhLn1im9EOMnkypp7MZOwQhGzqp2Weu5eQJbpPxWxixxlYRKWPOmJjsk6qYfYH9kq43yc2w==
  
  "@node-rs/helper@^1.0.0":
    version "1.3.0"
    resolved "https://registry.npmjs.org/@node-rs/helper/-/helper-1.3.0.tgz"
    integrity sha512-KPS0EBA1bXtf96IL7wr5bFHxhL2KCZ6kI/hkyLG7nzEq2cDq8pJhOhcJDOLXIPh5J2LEJ5eXyjDTWDFg5eRypw==
    dependencies:
      "@napi-rs/triples" "^1.1.0"
  
  "@nodelib/fs.scandir@2.1.5":
    version "2.1.5"
    resolved "https://registry.npmjs.org/@nodelib/fs.scandir/-/fs.scandir-2.1.5.tgz"
    integrity sha512-vq24Bq3ym5HEQm2NKCr3yXDwjc7vTsEThRDnkp2DK9p1uqLR+DHurm/NOTo0KG7HYHU7eppKZj3MyqYuMBf62g==
    dependencies:
      "@nodelib/fs.stat" "2.0.5"
      run-parallel "^1.1.9"
  
  "@nodelib/fs.stat@2.0.5", "@nodelib/fs.stat@^2.0.2":
    version "2.0.5"
    resolved "https://registry.npmjs.org/@nodelib/fs.stat/-/fs.stat-2.0.5.tgz"
    integrity sha512-RkhPPp2zrqDAQA/2jNhnztcPAlv64XdhIp7a7454A5ovI7Bukxgt7MX7udwAu3zg1DcpPU0rz3VV1SeaqvY4+A==
  
  "@nodelib/fs.walk@^1.2.3":
    version "1.2.8"
    resolved "https://registry.npmjs.org/@nodelib/fs.walk/-/fs.walk-1.2.8.tgz"
    integrity sha512-oGB+UxlgWcgQkgwo8GcEGwemoTFt3FIO9ababBmaGwXIoBKZ+GTy0pP185beGg7Llih/NSHSV2XAs1lnznocSg==
    dependencies:
      "@nodelib/fs.scandir" "2.1.5"
      fastq "^1.6.0"
  
  "@swc/cli@^0.1.55":
    version "0.1.55"
    resolved "https://registry.npmjs.org/@swc/cli/-/cli-0.1.55.tgz"
    integrity sha512-akkLuRexFq8XTi6JNZ27mXD4wcKXLDSLj4g7YMU+/upFM8IeD1IEp1Mxtre7MzCZn+QOQgPF8N8IReJoHuSn3g==
    dependencies:
      commander "^7.1.0"
      fast-glob "^3.2.5"
      slash "3.0.0"
      source-map "^0.7.3"
  
  "@swc/core-android-arm-eabi@1.2.127":
    version "1.2.127"
    resolved "https://registry.yarnpkg.com/@swc/core-android-arm-eabi/-/core-android-arm-eabi-1.2.127.tgz#4834adc6d1e8eda34fd72965640f21ae2303ea5a"
    integrity sha512-/bF4gupb+96Fi1FmcGFRig9zToQrAIH/2+NgZMDlCESJP1Dio/bbAB59vPllXgTsfvAQsbv26sScm4VmBmgttw==
  
  "@swc/core-android-arm64@1.2.127":
    version "1.2.127"
    resolved "https://registry.yarnpkg.com/@swc/core-android-arm64/-/core-android-arm64-1.2.127.tgz#3441b2816e36eb509a406e49493db717f54043ff"
    integrity sha512-DqSSjaRrZaY23vbYEBwjU0WxPSfAgnabJK8Dx08DQmTrUXAbsvWkF7QyVdsdZuroC1GiJui/slT33xxNnLVVBg==
  
  "@swc/core-darwin-arm64@1.2.127":
    version "1.2.127"
    resolved "https://registry.yarnpkg.com/@swc/core-darwin-arm64/-/core-darwin-arm64-1.2.127.tgz#91db79341e4c8a9dbad5c593adf210963e1f5926"
    integrity sha512-9aAS7CZzKKHngdN9eHMDveoVcoiyq6EYRGi46CrRDwiEdZ14DzznYlJ37I71cUz1vHapb4YbIWN5/jxb34r/RA==
  
  "@swc/core-darwin-x64@1.2.127":
    version "1.2.127"
    resolved "https://registry.npmjs.org/@swc/core-darwin-x64/-/core-darwin-x64-1.2.127.tgz"
    integrity sha512-GSZHGEhpjWStOdpAJvOPZmIEHTksbKezwnNEq1M27lNaiT8dPfrBWi28z/NfQp8HEpEi5U7hTB41PPIXT66MUA==
  
  "@swc/core-freebsd-x64@1.2.127":
    version "1.2.127"
    resolved "https://registry.yarnpkg.com/@swc/core-freebsd-x64/-/core-freebsd-x64-1.2.127.tgz#be673f1600db5cc15cda253c3d05dbd9b33475fa"
    integrity sha512-BJBmcWCSZbdkyq+ZDxvzkvqtz67wgLDsVuAfpIdCEw1KoFTJSxwc6K7dKZqfd68xULnj2aHRFZr0SyK3kXeirg==
  
  "@swc/core-linux-arm-gnueabihf@1.2.127":
    version "1.2.127"
    resolved "https://registry.yarnpkg.com/@swc/core-linux-arm-gnueabihf/-/core-linux-arm-gnueabihf-1.2.127.tgz#d392ccf04b92e0a1036e1337061379a165c2ad1b"
    integrity sha512-wE6JzkbmQ7Kq5U/BRyE1893//MRrpees7bNvcION5rq9Yd0on2XY7ifaSlGeEEMgO/RRIsHXUJTUjsfY4XVvMQ==
  
  "@swc/core-linux-arm64-gnu@1.2.127":
    version "1.2.127"
    resolved "https://registry.yarnpkg.com/@swc/core-linux-arm64-gnu/-/core-linux-arm64-gnu-1.2.127.tgz#c59d7c75cabbd525a07c6ae46a4b97a75d5e5b55"
    integrity sha512-oenvsF18KUNiNvDxHmUwY3uXJoqeienSAPAiWQfThrNOyadVLeKs6ecmkFxoCEZOV05gek4A/hBHImdby0UTcw==
  
  "@swc/core-linux-arm64-musl@1.2.127":
    version "1.2.127"
    resolved "https://registry.yarnpkg.com/@swc/core-linux-arm64-musl/-/core-linux-arm64-musl-1.2.127.tgz#a0e66a0e8918991cd4c4f3c03fd99784b9aa8d49"
    integrity sha512-R371z8YH3t0uevQA8AfimS5GwBHwoPifpsKjl3sH1LXlYEm+XAw/yUe/z/bRBUx465IhqdNW+ZrUswCtxo1fVw==
  
  "@swc/core-linux-x64-gnu@1.2.127":
    version "1.2.127"
    resolved "https://registry.yarnpkg.com/@swc/core-linux-x64-gnu/-/core-linux-x64-gnu-1.2.127.tgz#1d303c1e9620ce7b9a78e52858c8a617f4a44878"
    integrity sha512-QAn3KVRQOKmvJxUb/0gNcb4BeFfBVWV+Ry5o4HMfnxdRSLl7sGlDYAbH7V2atM6P/4OT5cpiorQvjCdOXNSS1Q==
  
  "@swc/core-linux-x64-musl@1.2.127":
    version "1.2.127"
    resolved "https://registry.yarnpkg.com/@swc/core-linux-x64-musl/-/core-linux-x64-musl-1.2.127.tgz#8221ed344e023a465219480f20edf42d0049769e"
    integrity sha512-UeBPFWXndeefjcsoW6JBwT5aSdGQpaqqoiA1Sa7aHa87O/Egun2dMawGhTqbyzeKapS70rcZlvaY9UCHj2TEiQ==
  
  "@swc/core-win32-arm64-msvc@1.2.127":
    version "1.2.127"
    resolved "https://registry.yarnpkg.com/@swc/core-win32-arm64-msvc/-/core-win32-arm64-msvc-1.2.127.tgz#4d0a1a3b6153c8ba3cd89ab0bfcdb577126aa31b"
    integrity sha512-4S7LZvOo0k121dXZgfE9Rs4DYNOmLy9OXI4kB5wk52B4llfzNhiZjARwqI4f5oqk8znyOuPV8JIzDUnNPzxkTA==
  
  "@swc/core-win32-ia32-msvc@1.2.127":
    version "1.2.127"
    resolved "https://registry.yarnpkg.com/@swc/core-win32-ia32-msvc/-/core-win32-ia32-msvc-1.2.127.tgz#ad2690892d5b600807204ea0e41565e4eb20a6cf"
    integrity sha512-7oM0G+1KASIEujhBYD/a6xDwFFhN31pZ34rEfrXvu+lGlx0e5i0q/vHI9fXkxNimMpePCQJ21aTIeCxs0HzZ6g==
  
  "@swc/core-win32-x64-msvc@1.2.127":
    version "1.2.127"
    resolved "https://registry.yarnpkg.com/@swc/core-win32-x64-msvc/-/core-win32-x64-msvc-1.2.127.tgz#700f778bfadace84636659a3c4a6c8b64890d8e0"
    integrity sha512-AglGNIi5VYJEbrqWiA0VbrKFG0Xta6yBLCy39XQgImgL8yl3R586vNRts+kPv2+hC2MOx9yr8eUXFnKpBCr9hA==
  
  "@swc/core@^1.2.127":
    version "1.2.127"
    resolved "https://registry.npmjs.org/@swc/core/-/core-1.2.127.tgz"
    integrity sha512-JF2xOOPgKT1XRs5eXiKAk2kV7BwJvPTIfBT79Pk3cEEQzDgxGSs3spVWXHA0EhCbh1MquJgR7bElt0Pyk/CRbg==
    dependencies:
      "@node-rs/helper" "^1.0.0"
    optionalDependencies:
      "@swc/core-android-arm-eabi" "1.2.127"
      "@swc/core-android-arm64" "1.2.127"
      "@swc/core-darwin-arm64" "1.2.127"
      "@swc/core-darwin-x64" "1.2.127"
      "@swc/core-freebsd-x64" "1.2.127"
      "@swc/core-linux-arm-gnueabihf" "1.2.127"
      "@swc/core-linux-arm64-gnu" "1.2.127"
      "@swc/core-linux-arm64-musl" "1.2.127"
      "@swc/core-linux-x64-gnu" "1.2.127"
      "@swc/core-linux-x64-musl" "1.2.127"
      "@swc/core-win32-arm64-msvc" "1.2.127"
      "@swc/core-win32-ia32-msvc" "1.2.127"
      "@swc/core-win32-x64-msvc" "1.2.127"
  
  anymatch@~3.1.2:
    version "3.1.2"
    resolved "https://registry.npmjs.org/anymatch/-/anymatch-3.1.2.tgz"
    integrity sha512-P43ePfOAIupkguHUycrc4qJ9kz8ZiuOUijaETwX7THt0Y/GNK7v0aa8rY816xWjZ7rJdA5XdMcpVFTKMq+RvWg==
    dependencies:
      normalize-path "^3.0.0"
      picomatch "^2.0.4"
  
  binary-extensions@^2.0.0:
    version "2.2.0"
    resolved "https://registry.npmjs.org/binary-extensions/-/binary-extensions-2.2.0.tgz"
    integrity sha512-jDctJ/IVQbZoJykoeHbhXpOlNBqGNcwXJKJog42E5HDPUwQTSdjCHdihjj0DlnheQ7blbT6dHOafNAiS8ooQKA==
  
  braces@^3.0.1, braces@~3.0.2:
    version "3.0.2"
    resolved "https://registry.npmjs.org/braces/-/braces-3.0.2.tgz"
    integrity sha512-b8um+L1RzM3WDSzvhm6gIz1yfTbBt6YTlcEKAvsmqCZZFw46z626lVj9j1yEPW33H5H+lBQpZMP1k8l+78Ha0A==
    dependencies:
      fill-range "^7.0.1"
  
  chokidar@^3.5.2:
    version "3.5.2"
    resolved "https://registry.yarnpkg.com/chokidar/-/chokidar-3.5.2.tgz#dba3976fcadb016f66fd365021d91600d01c1e75"
    integrity sha512-ekGhOnNVPgT77r4K/U3GDhu+FQ2S8TnK/s2KbIGXi0SZWuwkZ2QNyfWdZW+TVfn84DpEP7rLeCt2UI6bJ8GwbQ==
    dependencies:
      anymatch "~3.1.2"
      braces "~3.0.2"
      glob-parent "~5.1.2"
      is-binary-path "~2.1.0"
      is-glob "~4.0.1"
      normalize-path "~3.0.0"
      readdirp "~3.6.0"
    optionalDependencies:
      fsevents "~2.3.2"
  
  commander@^7.1.0:
    version "7.2.0"
    resolved "https://registry.npmjs.org/commander/-/commander-7.2.0.tgz"
    integrity sha512-QrWXB+ZQSVPmIWIhtEO9H+gwHaMGYiF5ChvoJ+K9ZGHG/sVsa6yiesAD1GC/x46sET00Xlwo1u49RVVVzvcSkw==
  
  fast-glob@^3.2.5:
    version "3.2.10"
    resolved "https://registry.npmjs.org/fast-glob/-/fast-glob-3.2.10.tgz"
    integrity sha512-s9nFhFnvR63wls6/kM88kQqDhMu0AfdjqouE2l5GVQPbqLgyFjjU5ry/r2yKsJxpb9Py1EYNqieFrmMaX4v++A==
    dependencies:
      "@nodelib/fs.stat" "^2.0.2"
      "@nodelib/fs.walk" "^1.2.3"
      glob-parent "^5.1.2"
      merge2 "^1.3.0"
      micromatch "^4.0.4"
  
  fastq@^1.6.0:
    version "1.13.0"
    resolved "https://registry.npmjs.org/fastq/-/fastq-1.13.0.tgz"
    integrity sha512-YpkpUnK8od0o1hmeSc7UUs/eB/vIPWJYjKck2QKIzAf71Vm1AAQ3EbuZB3g2JIy+pg+ERD0vqI79KyZiB2e2Nw==
    dependencies:
      reusify "^1.0.4"
  
  fill-range@^7.0.1:
    version "7.0.1"
    resolved "https://registry.npmjs.org/fill-range/-/fill-range-7.0.1.tgz"
    integrity sha512-qOo9F+dMUmC2Lcb4BbVvnKJxTPjCm+RRpe4gDuGrzkL7mEVl/djYSu2OdQ2Pa302N4oqkSg9ir6jaLWJ2USVpQ==
    dependencies:
      to-regex-range "^5.0.1"
  
  fsevents@~2.3.2:
    version "2.3.2"
    resolved "https://registry.npmjs.org/fsevents/-/fsevents-2.3.2.tgz"
    integrity sha512-xiqMQR4xAeHTuB9uWm+fFRcIOgKBMiOBP+eXiyT7jsgVCq1bkVygt00oASowB7EdtpOHaaPgKt812P9ab+DDKA==
  
  glob-parent@^5.1.2, glob-parent@~5.1.2:
    version "5.1.2"
    resolved "https://registry.npmjs.org/glob-parent/-/glob-parent-5.1.2.tgz"
    integrity sha512-AOIgSQCepiJYwP3ARnGx+5VnTu2HBYdzbGP45eLw1vr3zB3vZLeyed1sC9hnbcOc9/SrMyM5RPQrkGz4aS9Zow==
    dependencies:
      is-glob "^4.0.1"
  
  is-binary-path@~2.1.0:
    version "2.1.0"
    resolved "https://registry.npmjs.org/is-binary-path/-/is-binary-path-2.1.0.tgz"
    integrity sha512-ZMERYes6pDydyuGidse7OsHxtbI7WVeUEozgR/g7rd0xUimYNlvZRE/K2MgZTjWy725IfelLeVcEM97mmtRGXw==
    dependencies:
      binary-extensions "^2.0.0"
  
  is-extglob@^2.1.1:
    version "2.1.1"
    resolved "https://registry.npmjs.org/is-extglob/-/is-extglob-2.1.1.tgz"
    integrity sha1-qIwCU1eR8C7TfHahueqXc8gz+MI=
  
  is-glob@^4.0.1, is-glob@~4.0.1:
    version "4.0.3"
    resolved "https://registry.npmjs.org/is-glob/-/is-glob-4.0.3.tgz"
    integrity sha512-xelSayHH36ZgE7ZWhli7pW34hNbNl8Ojv5KVmkJD4hBdD3th8Tfk9vYasLM+mXWOZhFkgZfxhLSnrwRr4elSSg==
    dependencies:
      is-extglob "^2.1.1"
  
  is-number@^7.0.0:
    version "7.0.0"
    resolved "https://registry.npmjs.org/is-number/-/is-number-7.0.0.tgz"
    integrity sha512-41Cifkg6e8TylSpdtTpeLVMqvSBEVzTttHvERD741+pnZ8ANv0004MRL43QKPDlK9cGvNp6NZWZUBlbGXYxxng==
  
  "js-tokens@^3.0.0 || ^4.0.0":
    version "4.0.0"
    resolved "https://registry.yarnpkg.com/js-tokens/-/js-tokens-4.0.0.tgz#19203fb59991df98e3a287050d4647cdeaf32499"
    integrity sha512-RdJUflcE3cUzKiMqQgsCu06FPu9UdIJO0beYbPhHN4k6apgJtifcoCtT9bcxOpYBtpD2kCM6Sbzg4CausW/PKQ==
  
  loose-envify@^1.1.0:
    version "1.4.0"
    resolved "https://registry.yarnpkg.com/loose-envify/-/loose-envify-1.4.0.tgz#71ee51fa7be4caec1a63839f7e682d8132d30caf"
    integrity sha512-lyuxPGr/Wfhrlem2CL/UcnUc1zcqKAImBDzukY7Y5F/yQiNdko6+fRLevlw1HgMySw7f611UIY408EtxRSoK3Q==
    dependencies:
      js-tokens "^3.0.0 || ^4.0.0"
  
  merge2@^1.3.0:
    version "1.4.1"
    resolved "https://registry.npmjs.org/merge2/-/merge2-1.4.1.tgz"
    integrity sha512-8q7VEgMJW4J8tcfVPy8g09NcQwZdbwFEqhe/WZkoIzjn/3TGDwtOCYtXGxA3O8tPzpczCCDgv+P2P5y00ZJOOg==
  
  micromatch@^4.0.4:
    version "4.0.4"
    resolved "https://registry.npmjs.org/micromatch/-/micromatch-4.0.4.tgz"
    integrity sha512-pRmzw/XUcwXGpD9aI9q/0XOwLNygjETJ8y0ao0wdqprrzDa4YnxLcz7fQRZr8voh8V10kGhABbNcHVk5wHgWwg==
    dependencies:
      braces "^3.0.1"
      picomatch "^2.2.3"
  
  normalize-path@^3.0.0, normalize-path@~3.0.0:
    version "3.0.0"
    resolved "https://registry.npmjs.org/normalize-path/-/normalize-path-3.0.0.tgz"
    integrity sha512-6eZs5Ls3WtCisHWp9S2GUy8dqkpGi4BVSz3GaqiE6ezub0512ESztXUwUB6C6IKbQkY2Pnb/mD4WYojCRwcwLA==
  
  object-assign@^4.1.1:
    version "4.1.1"
    resolved "https://registry.yarnpkg.com/object-assign/-/object-assign-4.1.1.tgz#2109adc7965887cfc05cbbd442cac8bfbb360863"
    integrity sha1-IQmtx5ZYh8/AXLvUQsrIv7s2CGM=
  
  picomatch@^2.0.4, picomatch@^2.2.1, picomatch@^2.2.3:
    version "2.3.1"
    resolved "https://registry.npmjs.org/picomatch/-/picomatch-2.3.1.tgz"
    integrity sha512-JU3teHTNjmE2VCGFzuY8EXzCDVwEqB2a8fsIvwaStHhAWJEeVd1o1QD80CU6+ZdEXXSLbSsuLwJjkCBWqRQUVA==
  
  queue-microtask@^1.2.2:
    version "1.2.3"
    resolved "https://registry.npmjs.org/queue-microtask/-/queue-microtask-1.2.3.tgz"
    integrity sha512-NuaNSa6flKT5JaSYQzJok04JzTL1CA6aGhv5rfLW3PgqA+M2ChpZQnAC8h8i4ZFkBS8X5RqkDBHA7r4hej3K9A==
  
  react-dom@^17.0.2:
    version "17.0.2"
    resolved "https://registry.yarnpkg.com/react-dom/-/react-dom-17.0.2.tgz#ecffb6845e3ad8dbfcdc498f0d0a939736502c23"
    integrity sha512-s4h96KtLDUQlsENhMn1ar8t2bEa+q/YAtj8pPPdIjPDGBDIVNsrD9aXNWqspUe6AzKCIG0C1HZZLqLV7qpOBGA==
    dependencies:
      loose-envify "^1.1.0"
      object-assign "^4.1.1"
      scheduler "^0.20.2"
  
  react@^17.0.2:
    version "17.0.2"
    resolved "https://registry.yarnpkg.com/react/-/react-17.0.2.tgz#d0b5cc516d29eb3eee383f75b62864cfb6800037"
    integrity sha512-gnhPt75i/dq/z3/6q/0asP78D0u592D5L1pd7M8P+dck6Fu/jJeL6iVVK23fptSUZj8Vjf++7wXA8UNclGQcbA==
    dependencies:
      loose-envify "^1.1.0"
      object-assign "^4.1.1"
  
  readdirp@~3.6.0:
    version "3.6.0"
    resolved "https://registry.npmjs.org/readdirp/-/readdirp-3.6.0.tgz"
    integrity sha512-hOS089on8RduqdbhvQ5Z37A0ESjsqz6qnRcffsMU3495FuTdqSm+7bhJ29JvIOsBDEEnan5DPu9t3To9VRlMzA==
    dependencies:
      picomatch "^2.2.1"
  
  reusify@^1.0.4:
    version "1.0.4"
    resolved "https://registry.npmjs.org/reusify/-/reusify-1.0.4.tgz"
    integrity sha512-U9nH88a3fc/ekCF1l0/UP1IosiuIjyTh7hBvXVMHYgVcfGvt897Xguj2UOLDeI5BG2m7/uwyaLVT6fbtCwTyzw==
  
  run-parallel@^1.1.9:
    version "1.2.0"
    resolved "https://registry.npmjs.org/run-parallel/-/run-parallel-1.2.0.tgz"
    integrity sha512-5l4VyZR86LZ/lDxZTR6jqL8AFE2S0IFLMP26AbjsLVADxHdhB/c0GUsH+y39UfCi3dzz8OlQuPmnaJOMoDHQBA==
    dependencies:
      queue-microtask "^1.2.2"
  
  scheduler@^0.20.2:
    version "0.20.2"
    resolved "https://registry.yarnpkg.com/scheduler/-/scheduler-0.20.2.tgz#4baee39436e34aa93b4874bddcbf0fe8b8b50e91"
    integrity sha512-2eWfGgAqqWFGqtdMmcL5zCMK1U8KlXv8SQFGglL3CEtd0aDVDWgeF/YoCmvln55m5zSk3J/20hTaSBeSObsQDQ==
    dependencies:
      loose-envify "^1.1.0"
      object-assign "^4.1.1"
  
  slash@3.0.0:
    version "3.0.0"
    resolved "https://registry.npmjs.org/slash/-/slash-3.0.0.tgz"
    integrity sha512-g9Q1haeby36OSStwb4ntCGGGaKsaVSjQ68fBxoQcutl5fS1vuY18H3wSt3jFyFtrkx+Kz0V1G85A4MyAdDMi2Q==
  
  source-map@^0.7.3:
    version "0.7.3"
    resolved "https://registry.npmjs.org/source-map/-/source-map-0.7.3.tgz"
    integrity sha512-CkCj6giN3S+n9qrYiBTX5gystlENnRW5jZeNLHpe6aue+SrHcG5VYwujhW9s4dY31mEGsxBDrHR6oI69fTXsaQ==
  
  to-regex-range@^5.0.1:
    version "5.0.1"
    resolved "https://registry.npmjs.org/to-regex-range/-/to-regex-range-5.0.1.tgz"
    integrity sha512-65P7iz6X5yEr1cwcgvQxbbIw7Uk3gOy5dIdtZ4rDveLqhrdJP+Li/Hx6tyK0NEb+2GCyneCMJiGqrADCSNk8sQ==
    dependencies:
      is-number "^7.0.0"
